timestamp: 2014-07-18T14:05:51.945000
CREATE TABLE auth_user(
    id INTEGER PRIMARY KEY AUTOINCREMENT,
    first_name CHAR(128),
    last_name CHAR(128),
    email CHAR(512),
    password CHAR(512),
    registration_key CHAR(512),
    reset_password_key CHAR(512),
    registration_id CHAR(512)
);
success!
timestamp: 2014-07-18T14:05:52.223000
CREATE TABLE auth_group(
    id INTEGER PRIMARY KEY AUTOINCREMENT,
    role CHAR(512),
    description TEXT
);
success!
timestamp: 2014-07-18T14:05:52.382000
CREATE TABLE auth_membership(
    id INTEGER PRIMARY KEY AUTOINCREMENT,
    user_id INTEGER REFERENCES auth_user (id) ON DELETE CASCADE,
    group_id INTEGER REFERENCES auth_group (id) ON DELETE CASCADE
);
success!
timestamp: 2014-07-18T14:05:52.556000
CREATE TABLE auth_permission(
    id INTEGER PRIMARY KEY AUTOINCREMENT,
    group_id INTEGER REFERENCES auth_group (id) ON DELETE CASCADE,
    name CHAR(512),
    table_name CHAR(512),
    record_id INTEGER
);
success!
timestamp: 2014-07-18T14:05:52.833000
CREATE TABLE auth_event(
    id INTEGER PRIMARY KEY AUTOINCREMENT,
    time_stamp TIMESTAMP,
    client_ip CHAR(512),
    user_id INTEGER REFERENCES auth_user (id) ON DELETE CASCADE,
    origin CHAR(512),
    description TEXT
);
success!
timestamp: 2014-07-18T14:05:53.032000
CREATE TABLE auth_cas(
    id INTEGER PRIMARY KEY AUTOINCREMENT,
    user_id INTEGER REFERENCES auth_user (id) ON DELETE CASCADE,
    created_on TIMESTAMP,
    service CHAR(512),
    ticket CHAR(512),
    renew CHAR(1)
);
success!
timestamp: 2014-07-19T14:41:58.888000
CREATE TABLE quote(
    id INTEGER PRIMARY KEY AUTOINCREMENT,
    text CHAR(512),
    work_id CHAR(512),
    submitter_id CHAR(512),
    language_id CHAR(512),
    deleted_flag CHAR(512)
);
success!
timestamp: 2014-07-19T14:41:59.048000
CREATE TABLE author(
    id INTEGER PRIMARY KEY AUTOINCREMENT,
    f_name CHAR(512),
    l_name CHAR(512),
    aka CHAR(512),
    b_year CHAR(512),
    d_year CHAR(512)
);
success!
timestamp: 2014-07-19T14:41:59.205000
CREATE TABLE work(
    id INTEGER PRIMARY KEY AUTOINCREMENT,
    name CHAR(512),
    author_id CHAR(512),
    year CHAR(512),
    language CHAR(512)
);
success!
timestamp: 2014-07-19T16:45:58.051000
ALTER TABLE quote ADD body TEXT UNIQUE;
timestamp: 2014-07-19T16:46:20.090000
ALTER TABLE quote ADD body TEXT UNIQUE;
timestamp: 2014-07-19T16:47:29.356000
CREATE TABLE person(
    id INTEGER PRIMARY KEY AUTOINCREMENT,
    name CHAR(512)
);
success!
timestamp: 2014-07-19T16:47:29.536000
ALTER TABLE quote ADD body TEXT UNIQUE;
timestamp: 2014-07-19T16:48:02.233000
ALTER TABLE quote ADD body TEXT;
success!
timestamp: 2014-07-19T16:48:02.453000
ALTER TABLE author ADD m_name CHAR(512);
success!
success!
success!
success!
