[2013-03-16 09:26:46] START
[2013-03-16 09:26:46] EDIT welcome/controllers/default.py: 2
[2014-07-18 14:05:29] EDIT PindarApp/models/menu.py: 0
[2014-07-18 14:06:07] EDIT PindarApp/models/menu.py: 0
[2014-07-18 15:31:45] EDIT PindarApp/models/db.py: 55
[2014-07-18 15:32:00] EDIT PindarApp/models/db.py: 0
[2014-07-18 15:32:30] EDIT PindarApp/models/db.py: 0
[2014-07-18 15:50:29] EDIT PindarApp/models/db.py: 0
[2014-07-18 15:51:32] EDIT PindarApp/models/db.py: 5
[2014-07-18 15:52:02] EDIT PindarApp/models/db.py: 0
[2014-07-19 15:43:10] EDIT PindarApp/models/db.py: 0
[2014-07-19 15:43:38] EDIT PindarApp/models/db.py: 0
[2014-07-19 15:45:04] EDIT PindarApp/models/db.py: 0
[2014-07-19 15:45:18] EDIT PindarApp/models/db.py: 0
[2014-07-19 16:23:35] EDIT PindarApp/models/db.py: 1
[2014-07-19 16:29:44] EDIT PindarApp/controllers/default.py: 2
[2014-07-19 16:31:28] EDIT PindarApp/controllers/default.py: 7
[2014-07-19 16:32:23] EDIT PindarApp/controllers/default.py: 0
[2014-07-19 16:33:35] CREATE default/quote_form.html: 0
[2014-07-19 16:33:41] EDIT PindarApp/views/default/quote_form.html: 6
[2014-07-19 16:36:19] EDIT PindarApp/controllers/default.py: 0
[2014-07-19 16:37:21] EDIT PindarApp/models/db.py: 0
[2014-07-19 16:39:17] EDIT PindarApp/controllers/default.py: 1
[2014-07-19 16:39:51] EDIT PindarApp/controllers/default.py: -1
[2014-07-19 16:41:45] EDIT PindarApp/models/db.py: 0
[2014-07-19 16:42:11] EDIT PindarApp/models/db.py: 0
[2014-07-19 16:44:15] EDIT PindarApp/controllers/default.py: 0
[2014-07-19 16:44:49] EDIT PindarApp/controllers/default.py: -6
[2014-07-19 16:45:36] EDIT PindarApp/views/default/index.html: 8
[2014-07-19 16:46:12] EDIT PindarApp/views/default/index.html: -8
[2014-07-19 16:47:21] EDIT PindarApp/models/db.py: 2
[2014-07-19 16:47:56] EDIT PindarApp/models/db.py: 0
[2014-07-19 16:49:12] EDIT PindarApp/controllers/default.py: 0
[2014-07-19 16:52:42] EDIT PindarApp/models/db.py: 0
[2014-07-19 17:39:45] EDIT PindarApp/models/db.py: 2
[2014-07-19 17:41:25] EDIT PindarApp/models/db.py: -1
[2014-07-19 17:45:43] EDIT PindarApp/controllers/default.py: 0
[2014-07-19 17:46:44] EDIT PindarApp/models/db.py: 1
[2014-07-19 17:47:04] EDIT PindarApp/models/db.py: 0
[2014-07-20 17:10:02] EDIT PindarApp/controllers/default.py: 6
[2014-07-20 17:12:13] CREATE default/author_form.html: 0
[2014-07-20 17:12:31] EDIT PindarApp/views/default/author_form.html: 6
[2014-07-20 17:13:39] EDIT PindarApp/controllers/default.py: 0
[2014-07-20 18:14:22] EDIT PindarApp/models/menu.py: 0
[2014-07-20 18:17:22] EDIT PindarApp/models/menu.py: 0
[2014-07-20 18:28:54] EDIT PindarApp/controllers/default.py: -4
[2014-07-20 18:30:09] EDIT PindarApp/controllers/default.py: 0
[2014-07-20 18:32:07] EDIT PindarApp/controllers/default.py: 0
[2014-07-20 18:32:36] EDIT PindarApp/views/default/quote_form.html: 0
[2014-07-20 18:33:42] EDIT PindarApp/views/default/quote_form.html: 2
[2014-07-20 18:34:14] EDIT PindarApp/views/default/quote_form.html: 0
[2014-07-20 18:34:58] EDIT PindarApp/views/default/quote_form.html: 0
[2014-07-20 18:36:13] EDIT PindarApp/controllers/default.py: 0
[2014-07-20 18:36:31] EDIT PindarApp/views/default/quote_form.html: 0
[2014-07-20 18:38:45] DELETE PindarApp/views/default/author_form.html: -9
[2014-07-20 18:58:50] EDIT PindarApp/views/default/quote_form.html: 10
[2014-07-20 18:59:43] EDIT PindarApp/views/default/quote_form.html: 0
[2014-07-20 19:12:20] EDIT PindarApp/controllers/default.py: 0
[2014-07-20 19:13:13] EDIT PindarApp/controllers/default.py: 0
[2014-07-20 21:09:23] EDIT PindarApp/views/default/quote_form.html: -10
[2014-07-20 21:13:33] EDIT PindarApp/controllers/default.py: 0
[2014-07-20 21:14:22] EDIT PindarApp/controllers/default.py: 0
[2014-07-20 21:14:55] EDIT PindarApp/controllers/default.py: 0
[2014-07-20 21:18:25] EDIT PindarApp/controllers/default.py: 0
[2014-07-20 21:19:02] EDIT PindarApp/controllers/default.py: 0
[2014-07-20 21:21:47] EDIT PindarApp/views/default/index.html: -25
[2014-07-20 21:22:26] EDIT PindarApp/views/default/index.html: -1
[2014-07-20 21:22:49] EDIT PindarApp/views/default/index.html: 0
[2014-07-20 21:24:14] EDIT PindarApp/views/default/index.html: 0
[2014-07-20 21:26:41] EDIT PindarApp/controllers/default.py: 0
[2014-07-20 21:27:49] EDIT PindarApp/views/default/index.html: -3
[2014-07-20 21:28:30] EDIT PindarApp/controllers/default.py: 0
[2014-07-20 21:29:42] EDIT PindarApp/controllers/default.py: 0
[2014-07-20 21:30:58] EDIT PindarApp/controllers/default.py: 0
[2014-07-20 21:31:06] EDIT PindarApp/controllers/default.py: 0
[2014-07-20 21:31:44] EDIT PindarApp/views/default/index.html: 0
[2014-07-20 21:32:13] EDIT PindarApp/views/default/index.html: 0
[2014-07-20 21:34:51] CREATE default/show.html: 0
[2014-07-20 21:39:59] EDIT PindarApp/controllers/default.py: 0
[2014-07-20 21:40:27] EDIT PindarApp/controllers/default.py: 0
[2014-07-20 21:46:12] EDIT PindarApp/controllers/default.py: 2
[2014-07-20 21:46:47] EDIT PindarApp/controllers/default.py: -1
[2014-07-20 21:49:30] EDIT PindarApp/views/default/index.html: 1
[2014-07-20 21:49:54] EDIT PindarApp/views/default/index.html: 0
[2014-07-20 21:58:09] EDIT PindarApp/views/default/index.html: 0
[2014-07-20 21:59:09] EDIT PindarApp/views/default/index.html: 0
[2014-07-20 21:59:30] EDIT PindarApp/views/default/index.html: 1
[2014-07-20 21:59:44] EDIT PindarApp/views/default/index.html: 0
[2014-07-20 21:59:54] EDIT PindarApp/views/default/index.html: -1
[2014-07-20 22:02:50] EDIT PindarApp/views/default/index.html: 0
[2014-07-20 22:04:20] EDIT PindarApp/controllers/default.py: 0
[2014-07-20 22:08:00] EDIT PindarApp/controllers/default.py: -2
[2014-07-20 22:08:13] EDIT PindarApp/controllers/default.py: 0
[2014-07-20 22:08:55] EDIT PindarApp/controllers/default.py: 0
[2014-07-20 22:10:56] EDIT PindarApp/controllers/default.py: 0
[2014-07-20 22:11:19] EDIT PindarApp/views/default/index.html: -1
[2014-07-20 22:32:57] EDIT PindarApp/controllers/default.py: 5
[2014-07-20 22:34:42] EDIT PindarApp/controllers/default.py: -7
[2014-07-20 23:03:01] EDIT PindarApp/views/default/index.html: 1
[2014-07-20 23:03:51] EDIT PindarApp/views/default/index.html: 0
[2014-07-20 23:04:36] EDIT PindarApp/controllers/default.py: 0
[2014-07-20 23:05:36] EDIT PindarApp/views/default/quote_form.html: 0
[2014-07-20 23:06:00] EDIT PindarApp/views/default/quote_form.html: -2
[2014-07-20 23:06:07] EDIT PindarApp/views/default/quote_form.html: -1
[2014-07-20 23:06:59] EDIT PindarApp/views/default/quote_form.html: -3
[2014-07-20 23:08:13] EDIT PindarApp/views/default/index.html: 1
[2014-07-20 23:08:31] EDIT PindarApp/views/default/index.html: -1
[2014-07-20 23:09:13] EDIT PindarApp/views/default/index.html: 1
[2014-07-20 23:10:06] EDIT PindarApp/views/default/index.html: 0
[2014-07-20 23:10:48] EDIT PindarApp/views/default/index.html: 0
[2014-07-20 23:13:39] EDIT PindarApp/views/default/index.html: 1
[2014-07-20 23:14:26] EDIT PindarApp/views/default/quote_form.html: -1
[2014-07-20 23:18:20] EDIT PindarApp/views/default/quote_form.html: 0
[2014-07-27 15:16:11] EDIT PindarApp/ABOUT: -1
