[2013-03-16 09:26:46] START
[2013-03-16 09:26:46] EDIT welcome/controllers/default.py: 2
[2014-08-07 20:11:14] EDIT Pindar_TEMP/models/db.py: 49
[2014-08-07 20:12:01] EDIT Pindar_TEMP/models/db.py: -2
[2014-08-07 20:14:12] EDIT Pindar_TEMP/models/db.py: 40
[2014-08-07 20:28:37] EDIT Pindar_TEMP/models/db.py: 19
[2014-08-08 16:35:32] EDIT Pindar_TEMP/models/db.py: 1
[2014-08-08 16:38:27] EDIT Pindar_TEMP/models/db.py: 2
[2014-08-08 16:38:51] EDIT Pindar_TEMP/models/db.py: 0
[2014-08-08 16:39:33] EDIT Pindar_TEMP/models/db.py: 0
[2014-08-08 16:44:05] EDIT Pindar_TEMP/models/db.py: 0
[2014-08-08 16:47:44] EDIT Pindar_TEMP/models/db.py: 0
[2014-08-08 16:49:38] EDIT Pindar_TEMP/models/db.py: 0
[2014-08-08 16:51:16] EDIT Pindar_TEMP/models/db.py: 1
[2014-08-08 16:51:38] EDIT Pindar_TEMP/models/db.py: 0
[2014-08-08 16:55:55] EDIT Pindar_TEMP/models/db.py: 0
[2014-08-08 16:56:58] EDIT Pindar_TEMP/models/db.py: 0
[2014-08-08 16:58:07] EDIT Pindar_TEMP/models/db.py: 0
[2014-08-08 17:01:30] EDIT Pindar_TEMP/models/db.py: 7
[2014-08-08 17:02:20] CREATE access.py: 0
