timestamp: 2014-08-13T01:39:15.455419
CREATE TABLE auth_user(
    id INTEGER PRIMARY KEY AUTOINCREMENT,
    first_name CHAR(128),
    last_name CHAR(128),
    email CHAR(512),
    username CHAR(128),
    password CHAR(512),
    registration_key CHAR(512),
    reset_password_key CHAR(512),
    registration_id CHAR(512),
    DateJoined TIMESTAMP,
    PrimaryLanguageID INTEGER,
    UserBiography TEXT,
    IsDeleted CHAR(1)
);
success!
timestamp: 2014-08-13T01:39:15.458574
CREATE TABLE auth_group(
    id INTEGER PRIMARY KEY AUTOINCREMENT,
    role CHAR(512),
    description TEXT
);
success!
timestamp: 2014-08-13T01:39:15.462658
CREATE TABLE auth_membership(
    id INTEGER PRIMARY KEY AUTOINCREMENT,
    user_id INTEGER REFERENCES auth_user (id) ON DELETE CASCADE,
    group_id INTEGER REFERENCES auth_group (id) ON DELETE CASCADE
);
success!
timestamp: 2014-08-13T01:39:15.468688
CREATE TABLE auth_permission(
    id INTEGER PRIMARY KEY AUTOINCREMENT,
    group_id INTEGER REFERENCES auth_group (id) ON DELETE CASCADE,
    name CHAR(512),
    table_name CHAR(512),
    record_id INTEGER
);
success!
timestamp: 2014-08-13T01:39:15.472208
CREATE TABLE auth_event(
    id INTEGER PRIMARY KEY AUTOINCREMENT,
    time_stamp TIMESTAMP,
    client_ip CHAR(512),
    user_id INTEGER REFERENCES auth_user (id) ON DELETE CASCADE,
    origin CHAR(512),
    description TEXT
);
success!
timestamp: 2014-08-13T01:39:15.475798
CREATE TABLE auth_cas(
    id INTEGER PRIMARY KEY AUTOINCREMENT,
    user_id INTEGER REFERENCES auth_user (id) ON DELETE CASCADE,
    created_on TIMESTAMP,
    service CHAR(512),
    ticket CHAR(512),
    renew CHAR(1)
);
success!
timestamp: 2014-08-13T01:39:15.481531
CREATE TABLE LANGUAGE(
    id INTEGER PRIMARY KEY AUTOINCREMENT,
    LanguageCode CHAR(3),
    EnglishName CHAR(64),
    NativeName CHAR(64),
    created_on TIMESTAMP,
    created_by INTEGER REFERENCES auth_user (id) ON DELETE SET NULL,
    modified_on TIMESTAMP,
    modified_by INTEGER REFERENCES auth_user (id) ON DELETE SET NULL
);
success!
timestamp: 2014-08-13T01:39:15.486302
CREATE TABLE QUOTE(
    id INTEGER PRIMARY KEY AUTOINCREMENT,
    Text TEXT,
    QuoteLanguageID INTEGER REFERENCES LANGUAGE (id) ON DELETE CASCADE,
    IsOriginalLanguage CHAR(1),
    IsDeleted CHAR(1),
    Note TEXT,
    created_on TIMESTAMP,
    created_by INTEGER REFERENCES auth_user (id) ON DELETE SET NULL,
    modified_on TIMESTAMP,
    modified_by INTEGER REFERENCES auth_user (id) ON DELETE SET NULL
);
success!
timestamp: 2014-08-13T01:39:15.490373
CREATE TABLE WORK(
    id INTEGER PRIMARY KEY AUTOINCREMENT,
    YearPublished INTEGER,
    YearWritten INTEGER,
    IsHidden CHAR(1),
    created_on TIMESTAMP,
    created_by INTEGER REFERENCES auth_user (id) ON DELETE SET NULL,
    modified_on TIMESTAMP,
    modified_by INTEGER REFERENCES auth_user (id) ON DELETE SET NULL
);
success!
timestamp: 2014-08-13T01:39:15.496819
CREATE TABLE WORK_TR(
    id INTEGER PRIMARY KEY AUTOINCREMENT,
    WorkID INTEGER REFERENCES WORK (id) ON DELETE CASCADE,
    LanguageID INTEGER REFERENCES LANGUAGE (id) ON DELETE CASCADE,
    WorkName CHAR(1024),
    WorkSubtitle CHAR(1024),
    WorkDescription TEXT,
    WikipediaLink CHAR(256),
    WorkNote TEXT,
    created_on TIMESTAMP,
    created_by INTEGER REFERENCES auth_user (id) ON DELETE SET NULL,
    modified_on TIMESTAMP,
    modified_by INTEGER REFERENCES auth_user (id) ON DELETE SET NULL
);
success!
timestamp: 2014-08-13T01:39:15.501820
CREATE TABLE AUTHOR(
    id INTEGER PRIMARY KEY AUTOINCREMENT,
    YearBorn INTEGER,
    YearDied INTEGER,
    IsHidden CHAR(1),
    created_on TIMESTAMP,
    created_by INTEGER REFERENCES auth_user (id) ON DELETE SET NULL,
    modified_on TIMESTAMP,
    modified_by INTEGER REFERENCES auth_user (id) ON DELETE SET NULL
);
success!
timestamp: 2014-08-13T01:39:15.507161
CREATE TABLE AUTHOR_TR(
    id INTEGER PRIMARY KEY AUTOINCREMENT,
    AuthorID INTEGER REFERENCES AUTHOR (id) ON DELETE CASCADE,
    LanguageID INTEGER REFERENCES LANGUAGE (id) ON DELETE CASCADE,
    FirstName CHAR(128),
    MiddleName CHAR(128),
    LastName CHAR(128),
    AKA TEXT,
    DisplayName CHAR(512),
    Biography TEXT,
    WikipediaLink CHAR(256),
    created_on TIMESTAMP,
    created_by INTEGER REFERENCES auth_user (id) ON DELETE SET NULL,
    modified_on TIMESTAMP,
    modified_by INTEGER REFERENCES auth_user (id) ON DELETE SET NULL
);
success!
timestamp: 2014-08-13T01:39:15.511894
CREATE TABLE QUOTE_WORK(
    id INTEGER PRIMARY KEY AUTOINCREMENT,
    QuoteID INTEGER REFERENCES QUOTE (id) ON DELETE CASCADE,
    WorkID INTEGER REFERENCES WORK (id) ON DELETE CASCADE,
    created_on TIMESTAMP,
    created_by INTEGER REFERENCES auth_user (id) ON DELETE SET NULL,
    modified_on TIMESTAMP,
    modified_by INTEGER REFERENCES auth_user (id) ON DELETE SET NULL
);
success!
timestamp: 2014-08-13T01:39:15.516749
CREATE TABLE WORK_AUTHOR(
    id INTEGER PRIMARY KEY AUTOINCREMENT,
    WorkID INTEGER REFERENCES WORK (id) ON DELETE CASCADE,
    AuthorID INTEGER REFERENCES AUTHOR (id) ON DELETE CASCADE,
    created_on TIMESTAMP,
    created_by INTEGER REFERENCES auth_user (id) ON DELETE SET NULL,
    modified_on TIMESTAMP,
    modified_by INTEGER REFERENCES auth_user (id) ON DELETE SET NULL
);
success!
timestamp: 2014-08-13T01:39:15.521482
CREATE TABLE TRANSLATION(
    id INTEGER PRIMARY KEY AUTOINCREMENT,
    OriginalQuoteID INTEGER REFERENCES QUOTE (id) ON DELETE CASCADE,
    TranslatedQuoteID INTEGER REFERENCES QUOTE (id) ON DELETE CASCADE,
    TranslatorID INTEGER REFERENCES AUTHOR (id) ON DELETE CASCADE,
    created_on TIMESTAMP,
    created_by INTEGER REFERENCES auth_user (id) ON DELETE SET NULL,
    modified_on TIMESTAMP,
    modified_by INTEGER REFERENCES auth_user (id) ON DELETE SET NULL
);
success!
timestamp: 2014-08-13T01:52:53.794592
CREATE TABLE LANGUAGE_archive(
    current_record INTEGER REFERENCES LANGUAGE (id) ON DELETE CASCADE,
    id INTEGER PRIMARY KEY AUTOINCREMENT,
    LanguageCode CHAR(3),
    EnglishName CHAR(64),
    NativeName CHAR(64),
    created_on TIMESTAMP,
    created_by INTEGER REFERENCES auth_user (id) ON DELETE SET NULL,
    modified_on TIMESTAMP,
    modified_by INTEGER REFERENCES auth_user (id) ON DELETE SET NULL
);
success!
timestamp: 2014-08-13T01:52:53.804899
CREATE TABLE QUOTE_archive(
    current_record INTEGER REFERENCES QUOTE (id) ON DELETE CASCADE,
    id INTEGER PRIMARY KEY AUTOINCREMENT,
    Text TEXT,
    QuoteLanguageID INTEGER REFERENCES LANGUAGE (id) ON DELETE CASCADE,
    IsOriginalLanguage CHAR(1),
    IsDeleted CHAR(1),
    Note TEXT,
    created_on TIMESTAMP,
    created_by INTEGER REFERENCES auth_user (id) ON DELETE SET NULL,
    modified_on TIMESTAMP,
    modified_by INTEGER REFERENCES auth_user (id) ON DELETE SET NULL
);
success!
timestamp: 2014-08-13T01:52:53.807188
CREATE TABLE WORK_archive(
    current_record INTEGER REFERENCES WORK (id) ON DELETE CASCADE,
    id INTEGER PRIMARY KEY AUTOINCREMENT,
    YearPublished INTEGER,
    YearWritten INTEGER,
    IsHidden CHAR(1),
    created_on TIMESTAMP,
    created_by INTEGER REFERENCES auth_user (id) ON DELETE SET NULL,
    modified_on TIMESTAMP,
    modified_by INTEGER REFERENCES auth_user (id) ON DELETE SET NULL
);
success!
timestamp: 2014-08-13T01:52:53.810177
CREATE TABLE WORK_TR_archive(
    current_record INTEGER REFERENCES WORK_TR (id) ON DELETE CASCADE,
    id INTEGER PRIMARY KEY AUTOINCREMENT,
    WorkID INTEGER REFERENCES WORK (id) ON DELETE CASCADE,
    LanguageID INTEGER REFERENCES LANGUAGE (id) ON DELETE CASCADE,
    WorkName CHAR(1024),
    WorkSubtitle CHAR(1024),
    WorkDescription TEXT,
    WikipediaLink CHAR(256),
    WorkNote TEXT,
    created_on TIMESTAMP,
    created_by INTEGER REFERENCES auth_user (id) ON DELETE SET NULL,
    modified_on TIMESTAMP,
    modified_by INTEGER REFERENCES auth_user (id) ON DELETE SET NULL
);
success!
timestamp: 2014-08-13T01:52:53.813623
CREATE TABLE AUTHOR_archive(
    current_record INTEGER REFERENCES AUTHOR (id) ON DELETE CASCADE,
    id INTEGER PRIMARY KEY AUTOINCREMENT,
    YearBorn INTEGER,
    YearDied INTEGER,
    IsHidden CHAR(1),
    created_on TIMESTAMP,
    created_by INTEGER REFERENCES auth_user (id) ON DELETE SET NULL,
    modified_on TIMESTAMP,
    modified_by INTEGER REFERENCES auth_user (id) ON DELETE SET NULL
);
success!
timestamp: 2014-08-13T01:52:53.817721
CREATE TABLE AUTHOR_TR_archive(
    current_record INTEGER REFERENCES AUTHOR_TR (id) ON DELETE CASCADE,
    id INTEGER PRIMARY KEY AUTOINCREMENT,
    AuthorID INTEGER REFERENCES AUTHOR (id) ON DELETE CASCADE,
    LanguageID INTEGER REFERENCES LANGUAGE (id) ON DELETE CASCADE,
    FirstName CHAR(128),
    MiddleName CHAR(128),
    LastName CHAR(128),
    AKA TEXT,
    DisplayName CHAR(512),
    Biography TEXT,
    WikipediaLink CHAR(256),
    created_on TIMESTAMP,
    created_by INTEGER REFERENCES auth_user (id) ON DELETE SET NULL,
    modified_on TIMESTAMP,
    modified_by INTEGER REFERENCES auth_user (id) ON DELETE SET NULL
);
success!
timestamp: 2014-08-13T01:52:53.820580
CREATE TABLE QUOTE_WORK_archive(
    current_record INTEGER REFERENCES QUOTE_WORK (id) ON DELETE CASCADE,
    id INTEGER PRIMARY KEY AUTOINCREMENT,
    QuoteID INTEGER REFERENCES QUOTE (id) ON DELETE CASCADE,
    WorkID INTEGER REFERENCES WORK (id) ON DELETE CASCADE,
    created_on TIMESTAMP,
    created_by INTEGER REFERENCES auth_user (id) ON DELETE SET NULL,
    modified_on TIMESTAMP,
    modified_by INTEGER REFERENCES auth_user (id) ON DELETE SET NULL
);
success!
timestamp: 2014-08-13T01:52:53.823178
CREATE TABLE WORK_AUTHOR_archive(
    current_record INTEGER REFERENCES WORK_AUTHOR (id) ON DELETE CASCADE,
    id INTEGER PRIMARY KEY AUTOINCREMENT,
    WorkID INTEGER REFERENCES WORK (id) ON DELETE CASCADE,
    AuthorID INTEGER REFERENCES AUTHOR (id) ON DELETE CASCADE,
    created_on TIMESTAMP,
    created_by INTEGER REFERENCES auth_user (id) ON DELETE SET NULL,
    modified_on TIMESTAMP,
    modified_by INTEGER REFERENCES auth_user (id) ON DELETE SET NULL
);
success!
timestamp: 2014-08-13T01:52:53.826238
CREATE TABLE TRANSLATION_archive(
    current_record INTEGER REFERENCES TRANSLATION (id) ON DELETE CASCADE,
    id INTEGER PRIMARY KEY AUTOINCREMENT,
    OriginalQuoteID INTEGER REFERENCES QUOTE (id) ON DELETE CASCADE,
    TranslatedQuoteID INTEGER REFERENCES QUOTE (id) ON DELETE CASCADE,
    TranslatorID INTEGER REFERENCES AUTHOR (id) ON DELETE CASCADE,
    created_on TIMESTAMP,
    created_by INTEGER REFERENCES auth_user (id) ON DELETE SET NULL,
    modified_on TIMESTAMP,
    modified_by INTEGER REFERENCES auth_user (id) ON DELETE SET NULL
);
success!
timestamp: 2014-08-22T13:00:53.166972
CREATE TABLE FLAGTYPE(
    id INTEGER PRIMARY KEY AUTOINCREMENT,
    FlagName CHAR(512),
    created_on TIMESTAMP,
    created_by INTEGER REFERENCES auth_user (id) ON DELETE SET NULL,
    modified_on TIMESTAMP,
    modified_by INTEGER REFERENCES auth_user (id) ON DELETE SET NULL
);
success!
timestamp: 2014-08-22T13:00:53.171839
CREATE TABLE FLAG(
    id INTEGER PRIMARY KEY AUTOINCREMENT,
    QuoteID INTEGER REFERENCES QUOTE (id) ON DELETE CASCADE,
    AuthorID INTEGER REFERENCES AUTHOR (id) ON DELETE CASCADE,
    AuthorTrID INTEGER REFERENCES AUTHOR_TR (id) ON DELETE CASCADE,
    WorkID INTEGER REFERENCES WORK (id) ON DELETE CASCADE,
    WorkTrID INTEGER REFERENCES WORK_TR (id) ON DELETE CASCADE,
    Type INTEGER REFERENCES FLAGTYPE (id) ON DELETE CASCADE,
    Active CHAR(1),
    FlagNote CHAR(512),
    created_on TIMESTAMP,
    created_by INTEGER REFERENCES auth_user (id) ON DELETE SET NULL,
    modified_on TIMESTAMP,
    modified_by INTEGER REFERENCES auth_user (id) ON DELETE SET NULL
);
success!
timestamp: 2014-08-22T13:00:53.191022
CREATE TABLE FLAGTYPE_archive(
    current_record INTEGER REFERENCES FLAGTYPE (id) ON DELETE CASCADE,
    id INTEGER PRIMARY KEY AUTOINCREMENT,
    FlagName CHAR(512),
    created_on TIMESTAMP,
    created_by INTEGER REFERENCES auth_user (id) ON DELETE SET NULL,
    modified_on TIMESTAMP,
    modified_by INTEGER REFERENCES auth_user (id) ON DELETE SET NULL
);
success!
timestamp: 2014-08-22T13:00:53.193610
CREATE TABLE FLAG_archive(
    current_record INTEGER REFERENCES FLAG (id) ON DELETE CASCADE,
    id INTEGER PRIMARY KEY AUTOINCREMENT,
    QuoteID INTEGER REFERENCES QUOTE (id) ON DELETE CASCADE,
    AuthorID INTEGER REFERENCES AUTHOR (id) ON DELETE CASCADE,
    AuthorTrID INTEGER REFERENCES AUTHOR_TR (id) ON DELETE CASCADE,
    WorkID INTEGER REFERENCES WORK (id) ON DELETE CASCADE,
    WorkTrID INTEGER REFERENCES WORK_TR (id) ON DELETE CASCADE,
    Type INTEGER REFERENCES FLAGTYPE (id) ON DELETE CASCADE,
    Active CHAR(1),
    FlagNote CHAR(512),
    created_on TIMESTAMP,
    created_by INTEGER REFERENCES auth_user (id) ON DELETE SET NULL,
    modified_on TIMESTAMP,
    modified_by INTEGER REFERENCES auth_user (id) ON DELETE SET NULL
);
success!
timestamp: 2014-08-25T23:35:42.438719
CREATE TABLE RATING(
    id INTEGER PRIMARY KEY AUTOINCREMENT,
    rating DOUBLE,
    QuoteID INTEGER REFERENCES QUOTE (id) ON DELETE CASCADE,
    created_on TIMESTAMP,
    created_by INTEGER REFERENCES auth_user (id) ON DELETE SET NULL,
    modified_on TIMESTAMP,
    modified_by INTEGER REFERENCES auth_user (id) ON DELETE SET NULL
);
success!
timestamp: 2014-08-25T23:35:42.455932
CREATE TABLE RATING_archive(
    current_record INTEGER REFERENCES RATING (id) ON DELETE CASCADE,
    id INTEGER PRIMARY KEY AUTOINCREMENT,
    rating DOUBLE,
    QuoteID INTEGER REFERENCES QUOTE (id) ON DELETE CASCADE,
    created_on TIMESTAMP,
    created_by INTEGER REFERENCES auth_user (id) ON DELETE SET NULL,
    modified_on TIMESTAMP,
    modified_by INTEGER REFERENCES auth_user (id) ON DELETE SET NULL
);
success!
success!
success!
success!
success!
success!
timestamp: 2014-08-26T17:08:57.590450
CREATE TABLE TAG(
    id INTEGER PRIMARY KEY AUTOINCREMENT,
    Name CHAR(512),
    created_on TIMESTAMP,
    created_by INTEGER REFERENCES auth_user (id) ON DELETE SET NULL,
    modified_on TIMESTAMP,
    modified_by INTEGER REFERENCES auth_user (id) ON DELETE SET NULL
);
success!
success!
timestamp: 2014-08-26T17:08:57.612225
CREATE TABLE TAG_archive(
    current_record INTEGER REFERENCES TAG (id) ON DELETE CASCADE,
    id INTEGER PRIMARY KEY AUTOINCREMENT,
    Name CHAR(512),
    created_on TIMESTAMP,
    created_by INTEGER REFERENCES auth_user (id) ON DELETE SET NULL,
    modified_on TIMESTAMP,
    modified_by INTEGER REFERENCES auth_user (id) ON DELETE SET NULL
);
success!
success!
success!
success!
success!
success!
success!
success!
success!
success!
success!
success!
success!
success!
success!
success!
success!
success!
success!
success!
success!
success!
success!
success!
success!
success!
success!
success!
success!
success!
success!
success!
success!
success!
success!
success!
success!
success!
success!
success!
success!
success!
success!
success!
success!
success!
success!
success!
success!
success!
success!
success!
success!
success!
success!
success!
success!
success!
success!
success!
success!
success!
success!
success!
success!
success!
success!
success!
success!
success!
success!
success!
success!
success!
success!
success!
success!
success!
success!
success!
success!
success!
success!
success!
success!
success!
success!
success!
success!
success!
success!
success!
success!
success!
success!
success!
success!
success!
success!
success!
success!
success!
success!
success!
success!
success!
success!
success!
success!
success!
success!
success!
success!
success!
success!
success!
success!
success!
success!
success!
success!
success!
success!
success!
success!
success!
success!
success!
success!
success!
success!
success!
success!
success!
success!
success!
success!
success!
success!
success!
success!
success!
success!
success!
success!
success!
success!
success!
success!
success!
success!
success!
success!
success!
success!
success!
success!
success!
success!
success!
success!
success!
success!
success!
success!
success!
success!
success!
success!
success!
success!
success!
success!
success!
success!
success!
success!
success!
success!
success!
success!
success!
success!
success!
success!
success!
success!
success!
success!
success!
success!
success!
success!
success!
success!
success!
success!
success!
success!
success!
success!
success!
success!
success!
success!
success!
success!
success!
success!
success!
success!
success!
success!
success!
success!
success!
success!
success!
success!
success!
success!
success!
success!
success!
success!
success!
success!
success!
success!
success!
success!
success!
success!
success!
success!
success!
success!
success!
success!
success!
success!
success!
success!
success!
success!
success!
success!
success!
success!
success!
success!
success!
success!
success!
success!
success!
success!
success!
success!
success!
success!
success!
success!
success!
success!
success!
success!
success!
success!
success!
success!
success!
success!
success!
success!
success!
success!
success!
success!
success!
success!
success!
success!
success!
success!
success!
success!
success!
success!
success!
success!
success!
success!
success!
success!
success!
success!
success!
success!
success!
success!
success!
success!
success!
success!
success!
success!
success!
success!
success!
success!
success!
success!
success!
success!
success!
success!
success!
success!
success!
success!
success!
success!
success!
success!
success!
success!
success!
success!
success!
success!
success!
success!
success!
success!
success!
success!
success!
success!
success!
success!
success!
success!
success!
success!
success!
success!
success!
success!
success!
success!
success!
success!
success!
success!
success!
success!
success!
success!
success!
success!
success!
success!
success!
success!
success!
success!
success!
success!
success!
success!
success!
success!
success!
success!
success!
success!
success!
success!
success!
success!
success!
success!
success!
success!
success!
success!
success!
success!
success!
success!
success!
success!
success!
success!
success!
success!
success!
success!
success!
success!
success!
success!
success!
success!
success!
success!
success!
success!
success!
success!
success!
success!
success!
success!
success!
success!
success!
success!
success!
success!
success!
success!
success!
success!
success!
success!
success!
success!
success!
success!
success!
success!
success!
success!
success!
success!
success!
success!
success!
success!
success!
success!
success!
success!
success!
success!
success!
success!
success!
success!
success!
success!
success!
success!
success!
success!
success!
success!
success!
success!
success!
success!
success!
success!
success!
success!
success!
success!
success!
success!
success!
success!
success!
success!
success!
success!
success!
success!
success!
success!
success!
success!
success!
success!
success!
success!
success!
success!
success!
success!
success!
success!
success!
success!
success!
success!
success!
success!
success!
success!
success!
success!
success!
success!
success!
success!
success!
success!
success!
success!
success!
success!
success!
success!
success!
success!
success!
success!
success!
success!
success!
success!
success!
success!
success!
success!
success!
success!
success!
success!
success!
success!
success!
success!
success!
success!
success!
success!
success!
success!
success!
success!
success!
success!
success!
success!
success!
success!
success!
success!
success!
success!
success!
success!
success!
success!
success!
success!
success!
success!
success!
success!
success!
success!
success!
success!
success!
success!
success!
success!
success!
success!
success!
success!
success!
success!
success!
success!
success!
success!
success!
success!
success!
success!
success!
success!
success!
success!
success!
success!
success!
success!
success!
success!
success!
success!
success!
success!
success!
success!
success!
success!
success!
success!
success!
success!
success!
success!
success!
success!
success!
success!
success!
success!
success!
success!
success!
success!
success!
success!
success!
success!
success!
success!
success!
success!
success!
success!
success!
success!
success!
success!
success!
success!
success!
success!
success!
success!
success!
success!
success!
success!
success!
success!
success!
success!
success!
success!
success!
success!
success!
success!
success!
success!
success!
success!
success!
success!
success!
success!
success!
success!
success!
success!
success!
success!
success!
success!
success!
success!
success!
success!
success!
success!
success!
success!
success!
success!
success!
success!
success!
success!
success!
success!
success!
success!
success!
success!
success!
success!
success!
success!
success!
success!
success!
success!
success!
success!
success!
success!
success!
success!
success!
success!
success!
success!
success!
success!
success!
success!
success!
success!
success!
success!
success!
success!
success!
success!
success!
success!
success!
success!
success!
success!
success!
success!
success!
success!
success!
success!
success!
success!
success!
success!
success!
success!
success!
success!
success!
success!
success!
success!
success!
success!
success!
success!
success!
success!
success!
success!
success!
success!
success!
success!
success!
success!
success!
success!
success!
success!
success!
success!
success!
success!
success!
success!
success!
success!
success!
success!
success!
success!
success!
success!
success!
success!
success!
success!
success!
success!
success!
success!
success!
success!
success!
success!
success!
success!
success!
success!
success!
success!
success!
success!
success!
success!
success!
success!
success!
success!
success!
success!
success!
success!
success!
success!
success!
success!
success!
success!
success!
success!
success!
success!
success!
success!
success!
success!
success!
success!
success!
success!
success!
success!
success!
success!
success!
success!
success!
success!
success!
success!
success!
success!
success!
success!
success!
success!
success!
success!
success!
success!
success!
success!
success!
success!
success!
success!
success!
success!
success!
success!
success!
success!
success!
success!
success!
success!
success!
success!
success!
success!
success!
success!
success!
success!
success!
success!
success!
success!
success!
success!
success!
success!
success!
success!
success!
success!
success!
success!
success!
success!
success!
success!
success!
success!
success!
success!
success!
success!
success!
success!
success!
success!
success!
success!
success!
success!
success!
success!
success!
success!
success!
success!
success!
success!
success!
success!
success!
success!
success!
success!
success!
success!
success!
success!
success!
success!
success!
success!
success!
success!
success!
success!
success!
success!
success!
success!
success!
success!
success!
success!
success!
success!
success!
success!
success!
success!
success!
success!
success!
success!
success!
success!
success!
success!
success!
success!
success!
success!
success!
success!
success!
success!
success!
success!
success!
success!
success!
success!
success!
success!
success!
success!
success!
success!
success!
success!
success!
success!
success!
success!
success!
success!
success!
success!
success!
success!
success!
success!
success!
success!
success!
success!
success!
success!
success!
success!
success!
success!
success!
success!
success!
success!
success!
success!
success!
success!
success!
success!
success!
success!
success!
success!
success!
success!
success!
success!
success!
success!
success!
success!
success!
success!
success!
success!
success!
success!
success!
success!
success!
success!
success!
success!
success!
success!
success!
success!
success!
success!
success!
success!
success!
success!
success!
success!
success!
success!
success!
success!
success!
success!
success!
success!
success!
success!
success!
success!
success!
success!
success!
success!
success!
success!
success!
success!
success!
success!
success!
success!
success!
success!
success!
success!
success!
success!
success!
success!
success!
success!
success!
success!
success!
success!
success!
success!
success!
success!
success!
success!
success!
success!
success!
success!
success!
success!
success!
success!
success!
success!
success!
success!
success!
success!
success!
success!
success!
success!
success!
success!
success!
success!
success!
success!
success!
success!
success!
success!
success!
success!
success!
success!
success!
success!
success!
success!
success!
success!
success!
success!
success!
success!
success!
success!
success!
success!
success!
success!
success!
success!
success!
success!
success!
success!
success!
success!
success!
success!
success!
success!
success!
success!
success!
success!
success!
success!
success!
success!
success!
success!
success!
success!
success!
success!
success!
success!
success!
success!
success!
success!
success!
success!
success!
success!
success!
success!
success!
success!
success!
success!
success!
success!
success!
success!
success!
success!
success!
success!
success!
success!
success!
success!
success!
success!
success!
success!
success!
success!
success!
success!
success!
success!
success!
success!
success!
success!
success!
success!
success!
success!
success!
success!
success!
success!
success!
success!
success!
success!
success!
success!
success!
success!
success!
success!
success!
success!
success!
success!
success!
success!
success!
success!
success!
success!
success!
success!
success!
success!
success!
success!
success!
success!
success!
success!
success!
success!
success!
success!
success!
success!
success!
success!
success!
success!
success!
success!
success!
success!
success!
success!
success!
success!
success!
success!
success!
success!
success!
success!
success!
success!
success!
success!
success!
success!
success!
success!
success!
success!
success!
success!
success!
success!
success!
success!
success!
success!
success!
success!
success!
success!
success!
success!
success!
success!
success!
success!
success!
success!
success!
success!
success!
success!
success!
success!
success!
success!
success!
success!
success!
success!
success!
success!
success!
success!
success!
success!
success!
success!
success!
success!
success!
success!
success!
success!
success!
success!
success!
success!
success!
success!
success!
success!
success!
success!
success!
success!
success!
success!
success!
success!
success!
success!
success!
success!
success!
success!
success!
success!
success!
success!
success!
success!
success!
success!
success!
success!
success!
success!
success!
success!
success!
success!
success!
success!
success!
success!
success!
success!
success!
success!
success!
success!
success!
success!
success!
success!
success!
success!
success!
success!
success!
success!
success!
success!
success!
success!
success!
success!
success!
success!
success!
success!
success!
success!
success!
success!
success!
success!
success!
success!
success!
success!
success!
success!
success!
success!
success!
success!
success!
success!
success!
success!
success!
success!
success!
success!
success!
success!
success!
success!
success!
success!
success!
success!
success!
success!
success!
success!
success!
success!
success!
success!
success!
success!
success!
success!
success!
success!
success!
success!
success!
success!
success!
success!
success!
success!
success!
success!
success!
success!
success!
success!
success!
success!
success!
success!
success!
success!
success!
success!
success!
success!
success!
success!
success!
success!
success!
success!
success!
success!
success!
success!
success!
success!
success!
success!
success!
success!
success!
success!
success!
success!
success!
success!
success!
success!
success!
success!
success!
success!
success!
success!
success!
success!
success!
success!
success!
success!
success!
success!
success!
success!
success!
success!
success!
success!
success!
success!
success!
success!
success!
success!
success!
success!
success!
success!
success!
success!
success!
success!
