[2013-03-16 09:26:46] START
[2013-03-16 09:26:46] EDIT welcome/controllers/default.py: 2
[2014-06-18 23:30:13] EDIT Pindar/controllers/default.py: 0
[2014-06-18 23:35:35] EDIT Pindar/controllers/default.py: 0
[2014-06-18 23:36:01] EDIT Pindar/views/default/index.html: -26
[2014-06-18 23:37:33] EDIT Pindar/views/default/index.html: 0
[2014-06-18 23:37:35] EDIT Pindar/controllers/default.py: -1
[2014-06-18 23:42:22] EDIT Pindar/views/default/index.html: 0
[2014-06-18 23:42:44] EDIT Pindar/views/default/index.html: 0
[2014-07-06 16:00:20] EDIT Pindar/controllers/default.py: 3
[2014-07-06 16:00:54] EDIT Pindar/controllers/default.py: 0
[2014-07-06 16:00:56] EDIT Pindar/controllers/default.py: 0
[2014-07-06 16:01:10] EDIT Pindar/controllers/default.py: 0
[2014-07-06 16:02:54] EDIT Pindar/views/default/index.html: -4
[2014-07-06 16:03:27] EDIT Pindar/views/default/index.html: -1
[2014-07-06 16:07:36] EDIT Pindar/controllers/default.py: 3
[2014-07-06 16:08:10] CREATE default/second.html: 0
[2014-07-06 16:08:36] CREATE default/results.html: 0
[2014-07-06 16:31:36] EDIT Pindar/models/db.py: 16
[2014-07-06 16:31:39] EDIT Pindar/models/db.py: 0
[2014-07-06 17:00:49] EDIT Pindar/models/db.py: 0
[2014-07-06 20:18:26] EDIT Pindar/models/db.py: 0
[2014-07-06 20:23:17] EDIT Pindar/controllers/default.py: -5
[2014-07-06 20:24:12] EDIT Pindar/views/default/index.html: 0
[2014-07-06 20:24:48] EDIT Pindar/views/default/index.html: 0
[2014-07-06 22:24:59] EDIT Pindar/models/db.py: 19
[2014-07-06 22:26:19] EDIT Pindar/controllers/default.py: 42
[2014-07-06 22:32:49] EDIT Pindar/views/default/index.html: 6
[2014-07-11 23:21:33] EDIT PindarApp/models/db.py: 10
[2014-07-11 23:21:50] EDIT PindarApp/models/db.py: 0
[2014-07-11 23:22:08] EDIT PindarApp/models/db.py: 0
[2014-07-11 23:26:54] EDIT PindarApp/models/db.py: 7
[2014-07-11 23:28:41] EDIT PindarApp/models/db.py: 3
[2014-07-11 23:29:52] EDIT PindarApp/models/db.py: 4
[2014-07-11 23:32:53] EDIT PindarApp/models/db.py: 0
[2014-07-11 23:33:35] EDIT PindarApp/models/db.py: 1
[2014-07-11 23:34:20] DELETE PindarApp/models/default/first.html.py: 0
[2014-07-11 23:34:25] DELETE PindarApp/models/default/second.html.py: 0
[2014-07-11 23:35:29] DELETE PindarApp/views/default/first.html: -2
[2014-07-11 23:35:35] DELETE PindarApp/views/default/second.html: -3
[2014-07-11 23:39:30] EDIT PindarApp/controllers/default.py: 0
[2014-07-11 23:41:01] EDIT PindarApp/models/db.py: 0
[2014-07-11 23:42:39] EDIT PindarApp/models/db.py: 0
[2014-07-11 23:43:15] EDIT PindarApp/models/db.py: 0
